2023.12.24 21:26:47 INFO  Started: Metals version 1.2.0 in folders 'C:\Users\Pc\juypter' for client Visual Studio Code 1.85.1.
Dec 24, 2023 9:26:54 PM org.eclipse.lsp4j.jsonrpc.RemoteEndpoint handleCancellation
WARNING: Unmatched cancel notification for request id 1
Dec 24, 2023 9:26:55 PM org.eclipse.lsp4j.jsonrpc.RemoteEndpoint handleCancellation
WARNING: Unmatched cancel notification for request id 2
2023.12.24 21:26:56 WARN  Build server is not auto-connectable.
2023.12.24 21:26:56 WARN  no build target for: C:\Users\Pc\juypter\SCALA\new.scala
2023.12.24 21:26:56 WARN  no build tool detected in workspace 'C:\Users\Pc\juypter'. The most common cause for this problem is that the editor was opened in the wrong working directory, for example if you use sbt then the workspace directory should contain build.sbt. 
2023.12.24 21:27:19 INFO  no build target found for C:\Users\Pc\juypter\SCALA\new.scala. Using presentation compiler with project's scala-library version: 3.3.1
2023.12.24 21:27:27 INFO  time: code lens generation in 31s
Dec 24, 2023 9:30:00 PM org.eclipse.lsp4j.jsonrpc.services.GenericEndpoint notify
INFO: Unsupported notification method: $/setTrace
2023.12.24 22:02:56 WARN  no build target for: C:\Users\Pc\juypter\SCALA\date&time.scala
2023.12.24 22:03:19 WARN  no build target for: C:\Users\Pc\juypter\SCALA\date&time.scala
2023.12.24 22:04:06 WARN  no build target for: C:\Users\Pc\juypter\SCALA\new.scala
2023.12.24 22:05:24 WARN  no build target for: C:\Users\Pc\juypter\SCALA\new.scala
2023.12.24 22:05:25 WARN  no build target for: C:\Users\Pc\juypter\SCALA\date&time.scala
2023.12.24 22:05:25 WARN  no build target for: C:\Users\Pc\juypter\SCALA\new.scala
2023.12.24 22:11:35 INFO  Shutting down server
2023.12.24 22:11:35 INFO  shutting down Metals
2023.12.24 22:11:35 INFO  Exiting server
2023.12.24 22:26:58 INFO  Started: Metals version 1.2.0 in folders 'C:\Users\Pc\juypter' for client Visual Studio Code 1.85.1.
2023.12.24 22:27:03 WARN  Build server is not auto-connectable.
2023.12.24 22:27:03 WARN  no build target for: C:\Users\Pc\juypter\SCALA\new.scala
2023.12.24 22:27:03 WARN  no build tool detected in workspace 'C:\Users\Pc\juypter'. The most common cause for this problem is that the editor was opened in the wrong working directory, for example if you use sbt then the workspace directory should contain build.sbt. 
2023.12.24 22:27:18 INFO  no build target found for C:\Users\Pc\juypter\SCALA\new.scala. Using presentation compiler with project's scala-library version: 3.3.1
2023.12.24 22:31:02 WARN  no build target for: C:\Users\Pc\juypter\SCALA\date&time.scala
2023.12.24 22:50:37 INFO  Shutting down server
2023.12.24 22:50:37 INFO  shutting down Metals
2023.12.25 01:56:32 INFO  Started: Metals version 1.2.0 in folders 'C:\Users\Pc\juypter' for client Visual Studio Code 1.85.1.
2023.12.25 01:56:37 WARN  Build server is not auto-connectable.
2023.12.25 01:56:37 WARN  no build target for: C:\Users\Pc\juypter\SCALA\hello-world\build.sbt
2023.12.25 01:56:37 WARN  no build tool detected in workspace 'C:\Users\Pc\juypter'. The most common cause for this problem is that the editor was opened in the wrong working directory, for example if you use sbt then the workspace directory should contain build.sbt. 
2023.12.25 01:56:53 INFO  no build target found for C:\Users\Pc\juypter\SCALA\hello-world\build.sbt. Using presentation compiler with project's scala-library version: 3.3.1
2023.12.25 01:56:57 WARN  Could not find semantic tokens for: file:///C:/Users/Pc/juypter/SCALA/hello-world/build.sbt
2023.12.25 01:56:57 INFO  time: code lens generation in 19s
2023.12.25 01:56:57 WARN  Could not find semantic tokens for: file:///C:/Users/Pc/juypter/SCALA/hello-world/build.sbt
2023.12.25 01:57:52 WARN  no build target for: C:\Users\Pc\juypter\SCALA\new.scala
2023.12.25 01:57:56 INFO  time: code lens generation in 2.66s
2023.12.25 02:03:30 INFO  Shutting down server
2023.12.25 02:03:30 INFO  shutting down Metals
2023.12.25 02:03:30 INFO  Exiting server
2024.02.24 21:00:41 INFO  Started: Metals version 1.2.2 in folders 'E:\juypter' for client Visual Studio Code 1.86.2.
Downloading https://repo1.maven.org/maven2/com/h2database/h2/2.1.214/h2-2.1.214.jar
Downloaded 1151809 bytes
2024.02.24 21:00:46 INFO  Upgraded H2 database.
21:00:46.779 [pool-1-thread-5] INFO org.flywaydb.core.internal.license.VersionPrinter -- Flyway Community Edition 9.22.3 by Redgate
21:00:46.783 [pool-1-thread-5] INFO org.flywaydb.core.internal.license.VersionPrinter -- See release notes here: https://rd.gt/416ObMi
21:00:46.783 [pool-1-thread-5] INFO org.flywaydb.core.internal.license.VersionPrinter -- 
21:00:46.790 [pool-1-thread-5] DEBUG org.flywaydb.core.internal.scanner.classpath.ClassPathScanner -- Scanning for classpath resources at 'classpath:db/callback' ...
21:00:46.790 [pool-1-thread-5] DEBUG org.flywaydb.core.internal.scanner.classpath.ClassPathScanner -- Determining location urls for classpath:db/callback using ClassLoader jdk.internal.loader.ClassLoaders$AppClassLoader@70dea4e ...
21:00:46.790 [pool-1-thread-5] DEBUG org.flywaydb.core.internal.scanner.classpath.ClassPathScanner -- Unable to resolve location classpath:db/callback.
21:00:46.791 [pool-1-thread-5] DEBUG org.flywaydb.core.internal.scanner.classpath.ClassPathScanner -- Scanning for classpath resources at 'classpath:db/migration' ...
21:00:46.791 [pool-1-thread-5] DEBUG org.flywaydb.core.internal.scanner.classpath.ClassPathScanner -- Determining location urls for classpath:db/migration using ClassLoader jdk.internal.loader.ClassLoaders$AppClassLoader@70dea4e ...
21:00:46.792 [pool-1-thread-5] DEBUG org.flywaydb.core.internal.scanner.classpath.ClassPathScanner -- Scanning URL: jar:file:/C:/Users/User/AppData/Local/Coursier/cache/v1/https/repo1.maven.org/maven2/org/scalameta/metals_2.13/1.2.2/metals_2.13-1.2.2.jar!/db/migration
21:00:46.800 [pool-1-thread-5] DEBUG org.flywaydb.core.internal.scanner.classpath.ClassPathScanner -- Found resource: db/migration/
21:00:46.800 [pool-1-thread-5] DEBUG org.flywaydb.core.internal.scanner.classpath.ClassPathScanner -- Found resource: db/migration/V1__Create_tables.sql
21:00:46.800 [pool-1-thread-5] DEBUG org.flywaydb.core.internal.scanner.classpath.ClassPathScanner -- Found resource: db/migration/V2__Server_discovery.sql
21:00:46.801 [pool-1-thread-5] DEBUG org.flywaydb.core.internal.scanner.classpath.ClassPathScanner -- Found resource: db/migration/V3__Jar_symbols.sql
21:00:46.801 [pool-1-thread-5] DEBUG org.flywaydb.core.internal.scanner.classpath.ClassPathScanner -- Found resource: db/migration/V4__Fingerprints.sql
21:00:46.801 [pool-1-thread-5] DEBUG org.flywaydb.core.internal.scanner.classpath.ClassPathScanner -- Scanning for classes at classpath:db/migration
21:00:46.809 [pool-1-thread-5] DEBUG org.flywaydb.core.internal.scanner.Scanner -- Filtering out resource: db/migration/ (filename: )
21:00:46.809 [pool-1-thread-5] DEBUG org.flywaydb.core.internal.resource.ResourceNameValidator -- Validating V3__Jar_symbols.sql
21:00:46.811 [pool-1-thread-5] DEBUG org.flywaydb.core.internal.resource.ResourceNameValidator -- Validating V1__Create_tables.sql
21:00:46.811 [pool-1-thread-5] DEBUG org.flywaydb.core.internal.resource.ResourceNameValidator -- Validating V2__Server_discovery.sql
21:00:46.811 [pool-1-thread-5] DEBUG org.flywaydb.core.internal.resource.ResourceNameValidator -- Validating V4__Fingerprints.sql
21:00:46.968 [pool-1-thread-5] INFO org.flywaydb.core.FlywayExecutor -- Database: jdbc:h2:file:E:\juypter\.metals\metals (H2 2.2)
21:00:46.968 [pool-1-thread-5] DEBUG org.flywaydb.core.FlywayExecutor -- Driver: H2 JDBC Driver 2.2.224 (2023-09-17)
21:00:46.969 [pool-1-thread-5] DEBUG org.flywaydb.core.FlywayExecutor -- DDL Transactions Supported: false
21:00:46.971 [pool-1-thread-5] DEBUG org.flywaydb.core.internal.schemahistory.SchemaHistoryFactory -- Schemas: 
21:00:46.972 [pool-1-thread-5] DEBUG org.flywaydb.core.internal.schemahistory.SchemaHistoryFactory -- Default schema: null
21:00:46.978 [pool-1-thread-5] WARN org.flywaydb.core.internal.database.base.Database -- Flyway upgrade recommended: H2 2.2.224 is newer than this version of Flyway and support has not been tested. The latest supported version of H2 is 2.2.220.
21:00:46.980 [pool-1-thread-5] DEBUG org.flywaydb.core.internal.callback.SqlScriptCallbackFactory -- Scanning for SQL callbacks ...
21:00:46.980 [pool-1-thread-5] DEBUG org.flywaydb.core.internal.scanner.Scanner -- Filtering out resource: db/migration/ (filename: )
21:00:46.996 [pool-1-thread-5] DEBUG org.flywaydb.core.internal.command.DbValidate -- Validating migrations ...
21:00:47.004 [pool-1-thread-5] DEBUG org.flywaydb.core.internal.scanner.Scanner -- Filtering out resource: db/migration/ (filename: )
21:00:47.122 [pool-1-thread-5] DEBUG org.flywaydb.core.internal.scanner.Scanner -- Filtering out resource: db/migration/V3__Jar_symbols.sql (filename: V3__Jar_symbols.sql)
21:00:47.122 [pool-1-thread-5] DEBUG org.flywaydb.core.internal.scanner.Scanner -- Filtering out resource: db/migration/ (filename: )
21:00:47.122 [pool-1-thread-5] DEBUG org.flywaydb.core.internal.scanner.Scanner -- Filtering out resource: db/migration/V1__Create_tables.sql (filename: V1__Create_tables.sql)
21:00:47.122 [pool-1-thread-5] DEBUG org.flywaydb.core.internal.scanner.Scanner -- Filtering out resource: db/migration/V2__Server_discovery.sql (filename: V2__Server_discovery.sql)
21:00:47.122 [pool-1-thread-5] DEBUG org.flywaydb.core.internal.scanner.Scanner -- Filtering out resource: db/migration/V4__Fingerprints.sql (filename: V4__Fingerprints.sql)
21:00:47.124 [pool-1-thread-5] DEBUG org.flywaydb.core.internal.scanner.Scanner -- Filtering out resource: db/migration/V3__Jar_symbols.sql (filename: V3__Jar_symbols.sql)
21:00:47.124 [pool-1-thread-5] DEBUG org.flywaydb.core.internal.scanner.Scanner -- Filtering out resource: db/migration/ (filename: )
21:00:47.124 [pool-1-thread-5] DEBUG org.flywaydb.core.internal.scanner.Scanner -- Filtering out resource: db/migration/V1__Create_tables.sql (filename: V1__Create_tables.sql)
21:00:47.124 [pool-1-thread-5] DEBUG org.flywaydb.core.internal.scanner.Scanner -- Filtering out resource: db/migration/V2__Server_discovery.sql (filename: V2__Server_discovery.sql)
21:00:47.124 [pool-1-thread-5] DEBUG org.flywaydb.core.internal.scanner.Scanner -- Filtering out resource: db/migration/V4__Fingerprints.sql (filename: V4__Fingerprints.sql)
21:00:47.148 [pool-1-thread-5] INFO org.flywaydb.core.internal.command.DbValidate -- Successfully validated 4 migrations (execution time 00:00.150s)
21:00:47.152 [pool-1-thread-5] DEBUG org.flywaydb.core.internal.command.DbSchemas -- Skipping creation of existing schema: "PUBLIC"
21:00:47.164 [pool-1-thread-5] INFO org.flywaydb.core.internal.command.DbMigrate -- Current version of schema "PUBLIC": 4
21:00:47.181 [pool-1-thread-5] INFO org.flywaydb.core.internal.command.DbMigrate -- Schema "PUBLIC" is up to date. No migration necessary.
21:00:47.417 [pool-1-thread-5] DEBUG org.flywaydb.core.FlywayExecutor -- Memory usage: 80 of 100M
2024.02.24 21:00:47 WARN  no build tool detected in workspace 'E:\juypter'. The most common cause for this problem is that the editor was opened in the wrong working directory, for example if you use sbt then the workspace directory should contain build.sbt. 
2024.02.24 21:00:48 WARN  Build server is not auto-connectable.
